<?xml version="1.0" encoding="UTF-8"?>
<testng-results ignored="0" total="1" passed="1" failed="0" skipped="0">
  <reporter-output>
  </reporter-output>
  <suite started-at="2023-12-22T08:27:43 ICT" name="Default suite" finished-at="2023-12-22T08:27:43 ICT" duration-ms="216">
    <groups>
    </groups>
    <test started-at="2023-12-22T08:27:43 ICT" name="Default test" finished-at="2023-12-22T08:27:43 ICT" duration-ms="216">
      <class name="baoveCSDL.TestNG.In">
        <test-method is-config="true" signature="beforeClass()[pri:0, instance:baoveCSDL.TestNG.In@9cb8225]" started-at="2023-12-22T08:27:43 ICT" name="beforeClass" finished-at="2023-12-22T08:27:43 ICT" duration-ms="59" status="PASS">
          <reporter-output>
          </reporter-output>
        </test-method> <!-- beforeClass -->
        <test-method signature="testAdminLogin()[pri:0, instance:baoveCSDL.TestNG.In@9cb8225]" started-at="2023-12-22T08:27:43 ICT" name="testAdminLogin" finished-at="2023-12-22T08:27:43 ICT" duration-ms="4" status="PASS">
          <reporter-output>
          </reporter-output>
        </test-method> <!-- testAdminLogin -->
        <test-method is-config="true" signature="afterClass()[pri:0, instance:baoveCSDL.TestNG.In@9cb8225]" started-at="2023-12-22T08:27:43 ICT" name="afterClass" finished-at="2023-12-22T08:27:43 ICT" duration-ms="135" status="PASS">
          <reporter-output>
          </reporter-output>
        </test-method> <!-- afterClass -->
      </class> <!-- baoveCSDL.TestNG.In -->
    </test> <!-- Default test -->
  </suite> <!-- Default suite -->
</testng-results>
